tracker-pay/modules/yape-tracker/android/build/intermediates/manifest_merge_blame_file/release/processReleaseManifest/manifest-merger-blame-release-report.txt
1<?xml version="1.0" encoding="utf-8"?>
2<manifest xmlns:android="http://schemas.android.com/apk/res/android"
3    xmlns:tools="http://schemas.android.com/tools"
4    package="com.cuetazo.trackerpay.yapetracker" >
5
6    <uses-sdk android:minSdkVersion="24" />
7
8    <uses-permission android:name="android.permission.SYSTEM_ALERT_WINDOW" />
8-->src/main/AndroidManifest.xml:4:5-78
8-->src/main/AndroidManifest.xml:4:22-75
9    <uses-permission android:name="android.permission.FOREGROUND_SERVICE" />
9-->src/main/AndroidManifest.xml:5:5-77
9-->src/main/AndroidManifest.xml:5:22-74
10    <uses-permission android:name="android.permission.FOREGROUND_SERVICE_DATA_SYNC" />
10-->src/main/AndroidManifest.xml:6:5-87
10-->src/main/AndroidManifest.xml:6:22-84
11    <uses-permission android:name="android.permission.POST_NOTIFICATIONS" />
11-->src/main/AndroidManifest.xml:7:5-77
11-->src/main/AndroidManifest.xml:7:22-74
12    <uses-permission android:name="android.permission.INTERNET" />
12-->src/main/AndroidManifest.xml:8:5-67
12-->src/main/AndroidManifest.xml:8:22-64
13
14    <application>
14-->src/main/AndroidManifest.xml:10:5-35:19
15        <service
15-->src/main/AndroidManifest.xml:11:9-21:19
16            android:name="com.cuetazo.trackerpay.service.MyAccessibilityService"
16-->src/main/AndroidManifest.xml:12:13-81
17            android:exported="false"
17-->src/main/AndroidManifest.xml:14:13-37
18            android:permission="android.permission.BIND_ACCESSIBILITY_SERVICE" >
18-->src/main/AndroidManifest.xml:13:13-79
19            <intent-filter>
19-->src/main/AndroidManifest.xml:15:13-17:29
20                <action android:name="android.accessibilityservice.AccessibilityService" />
20-->src/main/AndroidManifest.xml:16:17-92
20-->src/main/AndroidManifest.xml:16:25-89
21            </intent-filter>
22
23            <meta-data
23-->src/main/AndroidManifest.xml:18:13-20:72
24                android:name="android.accessibilityservice"
24-->src/main/AndroidManifest.xml:19:17-60
25                android:resource="@xml/accessibility_service_config" />
25-->src/main/AndroidManifest.xml:20:17-69
26        </service>
27        <service
27-->src/main/AndroidManifest.xml:23:9-30:19
28            android:name="com.cuetazo.trackerpay.service.MyNotificationListener"
28-->src/main/AndroidManifest.xml:24:13-81
29            android:exported="false"
29-->src/main/AndroidManifest.xml:26:13-37
30            android:permission="android.permission.BIND_NOTIFICATION_LISTENER_SERVICE" >
30-->src/main/AndroidManifest.xml:25:13-87
31            <intent-filter>
31-->src/main/AndroidManifest.xml:27:13-29:29
32                <action android:name="android.service.notification.NotificationListenerService" />
32-->src/main/AndroidManifest.xml:28:17-99
32-->src/main/AndroidManifest.xml:28:25-96
33            </intent-filter>
34        </service>
35        <service
35-->src/main/AndroidManifest.xml:32:9-34:40
36            android:name="com.cuetazo.trackerpay.service.OverlayService"
36-->src/main/AndroidManifest.xml:33:13-73
37            android:exported="false" />
37-->src/main/AndroidManifest.xml:34:13-37
38    </application>
39
40</manifest>